Change Component Footprint: Designator=R1 Old Footprint=0603 New Footprint=0402
Change Component Footprint: Designator=R2 Old Footprint=0603 New Footprint=0402
Change Component Footprint: Designator=R3 Old Footprint=0603 New Footprint=0402
Change Component Footprint: Designator=R4 Old Footprint=0603 New Footprint=0402
Change Component Footprint: Designator=R6 Old Footprint=0603 New Footprint=0402
Change Component Footprint: Designator=R7 Old Footprint=0603 New Footprint=0402
Change Component Footprint: Designator=R8 Old Footprint=0603 New Footprint=0402
Change Component Footprint: Designator=R9 Old Footprint=0603 New Footprint=0402
Change Component Footprint: Designator=R10 Old Footprint=0603 New Footprint=0402
Change Component Footprint: Designator=R11 Old Footprint=0603 New Footprint=0402
Change Component Footprint: Designator=R12 Old Footprint=0603 New Footprint=0402
Change Component Footprint: Designator=R13 Old Footprint=0603 New Footprint=0402
Change Component Footprint: Designator=R17 Old Footprint=0603 New Footprint=0402
Change Component Footprint: Designator=R19 Old Footprint=0603 New Footprint=0402
Change Component Footprint: Designator=R20 Old Footprint=0603 New Footprint=0402
Change Component Footprint: Designator=R21 Old Footprint=0603 New Footprint=0402
Change Component Footprint: Designator=R24 Old Footprint=0603 New Footprint=0402
Change Component Footprint: Designator=R25 Old Footprint=0603 New Footprint=0402
Change Component Footprint: Designator=R26 Old Footprint=0603 New Footprint=0402
Change Component Footprint: Designator=R27 Old Footprint=0603 New Footprint=0402
Change Component Footprint: Designator=R28 Old Footprint=0603 New Footprint=0402
Change Component Footprint: Designator=R32 Old Footprint=0603 New Footprint=0402
Change Component Footprint: Designator=R33 Old Footprint=0603 New Footprint=0402
Change Component Footprint: Designator=R34 Old Footprint=0603 New Footprint=0402
Change Component Footprint: Designator=C0 Old Footprint=0603 New Footprint=C1206
Change Component Footprint: Designator=C1 Old Footprint=0603 New Footprint=C1206
Change Component Footprint: Designator=C3 Old Footprint=0603 New Footprint=C1206
Change Component Footprint: Designator=C4 Old Footprint=0603 New Footprint=C1206
Change Component Footprint: Designator=C5 Old Footprint=0603 New Footprint=C1206
Change Component Footprint: Designator=C9 Old Footprint=0603 New Footprint=C1206
Change Component Footprint: Designator=C10 Old Footprint=0603 New Footprint=C1206
Change Component Footprint: Designator=C11 Old Footprint=0603 New Footprint=C1206
Change Component Footprint: Designator=C12 Old Footprint=0603 New Footprint=C1206
Change Component Footprint: Designator=C13 Old Footprint=0603 New Footprint=C1206
Change Component Footprint: Designator=C14 Old Footprint=0603 New Footprint=C1206
Change Component Footprint: Designator=C22 Old Footprint=0603 New Footprint=C1206
Change Component Footprint: Designator=C23 Old Footprint=0603 New Footprint=C1206
Change Component Footprint: Designator=C31 Old Footprint=0603 New Footprint=C1206
Change Component Footprint: Designator=C32 Old Footprint=0603 New Footprint=C1206
Change Component Footprint: Designator=P12 Old Footprint=HDR1X3 New Footprint=HDR1X2
Change Component Comment: Designator=P12 Old Comment=V rails New Comment=Buzzer
Change Pin Designator/Name:  Old Designator=P12-1 Old Name=1 New Designator =1 New Name=1
Change Pin Designator/Name:  Old Designator=P12-1 Old Name=1 New Designator =1 New Name=1
Change Pin Designator/Name:  Old Designator=P12-2 Old Name=2 New Designator =2 New Name=2
Change Pin Designator/Name:  Old Designator=P12-2 Old Name=2 New Designator =2 New Name=2
Change Pin Designator/Name:  Old Designator=P12-3 Old Name=3 New Designator =3 New Name=3
Change Pin Designator/Name:  Old Designator=U1-25 Old Name=PC2 (ADC2) New Designator =PD6 (AIN0) New Name=10
