Added Component: Designator=Q1(ONSC-SOT-323-3-419-04_V)
Added Component: Designator=Q2(ONSC-SOT-323-3-419-04_V)
Added Component: Designator=Q3(ONSC-SOT-323-3-419-04_V)
Added Component: Designator=Q4(ONSC-SOT-323-3-419-04_V)
Added Component: Designator=Q5(ONSC-SOT-323-3-419-04_V)
Added Component: Designator=Q6(ONSC-SOT-323-3-419-04_V)
Added Component: Designator=U1(32A_N)
Added Component: Designator=U3(SOIC-SN8_N)
Added Pin To Net: NetName=NetP2_1 Pin=Q1-1
Added Pin To Net: NetName=NetQ1_2 Pin=Q1-2
Added Pin To Net: NetName=3.3V Pin=Q1-3
Added Pin To Net: NetName=NetP3_1 Pin=Q2-1
Added Pin To Net: NetName=NetQ2_2 Pin=Q2-2
Added Pin To Net: NetName=3.3V Pin=Q2-3
Added Pin To Net: NetName=V BAT Pin=Q3-1
Added Pin To Net: NetName=NetQ3_2 Pin=Q3-2
Added Pin To Net: NetName=NetQ3_3 Pin=Q3-3
Added Pin To Net: NetName=GND Pin=Q4-1
Added Pin To Net: NetName=NetQ4_2 Pin=Q4-2
Added Pin To Net: NetName=NetQ3_2 Pin=Q4-3
Added Pin To Net: NetName=NetP7_1 Pin=Q5-1
Added Pin To Net: NetName=NetQ5_2 Pin=Q5-2
Added Pin To Net: NetName=V BAT Pin=Q5-3
Added Pin To Net: NetName=NetP23_1 Pin=Q6-1
Added Pin To Net: NetName=NetQ6_2 Pin=Q6-2
Added Pin To Net: NetName=V BAT Pin=Q6-3
Added Pin To Net: NetName=NetP9_6 Pin=U1-1
Added Pin To Net: NetName=NetP9_5 Pin=U1-2
Added Pin To Net: NetName=GND Pin=U1-3
Added Pin To Net: NetName=3.3V Pin=U1-4
Added Pin To Net: NetName=GND Pin=U1-5
Added Pin To Net: NetName=3.3V Pin=U1-6
Added Pin To Net: NetName=NetC4_2 Pin=U1-7
Added Pin To Net: NetName=NetC3_2 Pin=U1-8
Added Pin To Net: NetName=NetD2_1 Pin=U1-9
Added Pin To Net: NetName=NetP8_6 Pin=U1-10
Added Pin To Net: NetName=NetP8_5 Pin=U1-11
Added Pin To Net: NetName=NetU1_12 Pin=U1-12
Added Pin To Net: NetName=NetP7_6 Pin=U1-13
Added Pin To Net: NetName=NetP7_5 Pin=U1-14
Added Pin To Net: NetName=NetU1_15 Pin=U1-15
Added Pin To Net: NetName=NetP7_4 Pin=U1-16
Added Pin To Net: NetName=NetP7_3 Pin=U1-17
Added Pin To Net: NetName=3.3V Pin=U1-18
Added Pin To Net: NetName=GND Pin=U1-19
Added Pin To Net: NetName=NetC1_2 Pin=U1-20
Added Pin To Net: NetName=GND Pin=U1-21
Added Pin To Net: NetName=GND Pin=U1-22
Added Pin To Net: NetName=NetR9_1 Pin=U1-24
Added Pin To Net: NetName=NetP12_1 Pin=U1-25
Added Pin To Net: NetName=NetD4_1 Pin=U1-26
Added Pin To Net: NetName=NetR38_1 Pin=U1-27
Added Pin To Net: NetName=NetR37_1 Pin=U1-28
Added Pin To Net: NetName=NetC2_2 Pin=U1-29
Added Pin To Net: NetName=NetP1_2 Pin=U1-30
Added Pin To Net: NetName=NetP1_3 Pin=U1-31
Added Pin To Net: NetName=NetR34_1 Pin=U1-32
Added Pin To Net: NetName=NetC23_2 Pin=U3-1
Added Pin To Net: NetName=NetC22_2 Pin=U3-2
Added Pin To Net: NetName=NetP4_2 Pin=U3-3
Added Pin To Net: NetName=GND Pin=U3-4
Added Pin To Net: NetName=NetR38_1 Pin=U3-5
Added Pin To Net: NetName=NetR37_1 Pin=U3-6
Added Pin To Net: NetName=NetP9_6 Pin=U3-7
Added Pin To Net: NetName=3.3V Pin=U3-8
Added Room: Name=battery sensor
Added Room: Name=Designator
Added Room: Name=Designator
Added Room: Name=Prefrels
Added Room: Name=RTC
Added Room: Name=Screens
Added Room: Name=Serial devices
Added Room: Name=SparkyTime Project
Added Room: Name=V stuff
