Added Component: Designator=3.3V reg(D2PAK_N)
Added Component: Designator=C0(C1206)
Added Component: Designator=C1(C1206)
Added Component: Designator=C2(RAD-0.3)
Added Component: Designator=C3(C1206)
Added Component: Designator=C4(C1206)
Added Component: Designator=C5(C1206)
Added Component: Designator=C9(C1206)
Added Component: Designator=C10(C1206)
Added Component: Designator=C11(C1206)
Added Component: Designator=C12(C1206)
Added Component: Designator=C13(C1206)
Added Component: Designator=C14(C1206)
Added Component: Designator=C15(RAD-0.3)
Added Component: Designator=C16(RAD-0.3)
Added Component: Designator=C17(RAD-0.3)
Added Component: Designator=C30(RAD-0.3)
Added Component: Designator=C31(C1206)
Added Component: Designator=C32(C1206)
Added Component: Designator=D1(LED-1)
Added Component: Designator=D2(SMC)
Added Component: Designator=D3(SMC)
Added Component: Designator=D4(SMC)
Added Component: Designator=D5(SMC)
Added Component: Designator=D6(SMC)
Added Component: Designator=D7(LED-1)
Added Component: Designator=D8(LED-1)
Added Component: Designator=D9(LED-1)
Added Component: Designator=LS1(ABSM-1574)
Added Component: Designator=P1(HDR1X5)
Added Component: Designator=P2(HDR1X4)
Added Component: Designator=P3(HDR1X4)
Added Component: Designator=P4(HDR1X2)
Added Component: Designator=P5(HDR1X3)
Added Component: Designator=P6(HDR1X2)
Added Component: Designator=P7(HDR1X6)
Added Component: Designator=P8(HDR1X6)
Added Component: Designator=P9(HDR1X6)
Added Component: Designator=P10(HDR1X4)
Added Component: Designator=P11(HDR1X3)
Added Component: Designator=P12(HDR1X3)
Added Component: Designator=Q1(ONSC-SOT-323-3-419-04_V)
Added Component: Designator=Q2(ONSC-SOT-323-3-419-04_V)
Added Component: Designator=Q3(ONSC-SOT-323-3-419-04_V)
Added Component: Designator=Q4(ONSC-SOT-323-3-419-04_V)
Added Component: Designator=Q5(ONSC-SOT-323-3-419-04_V)
Added Component: Designator=Q6(ONSC-SOT-323-3-419-04_V)
Added Component: Designator=R1(AXIAL-0.3)
Added Component: Designator=R2(AXIAL-0.3)
Added Component: Designator=R3(AXIAL-0.3)
Added Component: Designator=R4(AXIAL-0.3)
Added Component: Designator=R6(AXIAL-0.3)
Added Component: Designator=R7(J1-0603)
Added Component: Designator=R8(J1-0603)
Added Component: Designator=R9(J1-0603)
Added Component: Designator=R10(J1-0603)
Added Component: Designator=R11(J1-0603)
Added Component: Designator=R12(AXIAL-0.3)
Added Component: Designator=R13(AXIAL-0.3)
Added Component: Designator=R14(AXIAL-0.3)
Added Component: Designator=R17(AXIAL-0.3)
Added Component: Designator=R19(J1-0603)
Added Component: Designator=R20(J1-0603)
Added Component: Designator=R21(AXIAL-0.3)
Added Component: Designator=R24(AXIAL-0.3)
Added Component: Designator=R25(AXIAL-0.3)
Added Component: Designator=R26(AXIAL-0.3)
Added Component: Designator=R27(AXIAL-0.3)
Added Component: Designator=R28(AXIAL-0.3)
Added Component: Designator=R32(J1-0603)
Added Component: Designator=R33(J1-0603)
Added Component: Designator=R37(AXIAL-0.3)
Added Component: Designator=R38(AXIAL-0.3)
Added Component: Designator=SW1 (enter)(DIP button)
Added Component: Designator=SW2 (Escape)(DIP button)
Added Component: Designator=SW3(DIP button)
Added Component: Designator=SW4(DIP button)
Added Component: Designator=SW5(DIP button)
Added Component: Designator=U1(32A_N)
Added Component: Designator=U2(MPU-9255)
Added Component: Designator=U3(SOIC-SN8_N)
Added Component: Designator=U4(SOP8)
Added Component: Designator=U5(SOP20)
Added Component: Designator=U6(SOP20)
Added Component: Designator=U7(SOP6)
Added Component: Designator=U9(Q3)
Added Component: Designator=U10(Q3)
Added Component: Designator=U11(SOP10)
Added Component: Designator=Y1(R38)
Added Component: Designator=Y2(SMC)
Added Pin To Net: NetName=3.3V Pin=3.3V reg-3
Added Pin To Net: NetName=3.3V Pin=C5-2
Added Pin To Net: NetName=3.3V Pin=C10-2
Added Pin To Net: NetName=3.3V Pin=C11-2
Added Pin To Net: NetName=3.3V Pin=C12-2
Added Pin To Net: NetName=3.3V Pin=C13-2
Added Pin To Net: NetName=3.3V Pin=C31-1
Added Pin To Net: NetName=3.3V Pin=C32-2
Added Pin To Net: NetName=3.3V Pin=D7-1
Added Pin To Net: NetName=3.3V Pin=D8-1
Added Pin To Net: NetName=3.3V Pin=P12-2
Added Pin To Net: NetName=3.3V Pin=Q1-3
Added Pin To Net: NetName=3.3V Pin=Q2-3
Added Pin To Net: NetName=3.3V Pin=R13-2
Added Pin To Net: NetName=3.3V Pin=SW1 (enter)-1
Added Pin To Net: NetName=3.3V Pin=SW2 (Escape)-1
Added Pin To Net: NetName=3.3V Pin=SW3-1
Added Pin To Net: NetName=3.3V Pin=SW4-1
Added Pin To Net: NetName=3.3V Pin=SW5-1
Added Pin To Net: NetName=3.3V Pin=U2-1
Added Pin To Net: NetName=3.3V Pin=U2-8
Added Pin To Net: NetName=3.3V Pin=U2-13
Added Pin To Net: NetName=3.3V Pin=U3-8
Added Pin To Net: NetName=3.3V Pin=U4-8
Added Pin To Net: NetName=3.3V Pin=U5-5
Added Pin To Net: NetName=3.3V Pin=U6-5
Added Pin To Net: NetName=3.3V Pin=U6-6
Added Net: Name=3.3V
Added Pin To Net: NetName=GND Pin=3.3V reg-2
Added Pin To Net: NetName=GND Pin=C0-1
Added Pin To Net: NetName=GND Pin=C1-1
Added Pin To Net: NetName=GND Pin=C3-1
Added Pin To Net: NetName=GND Pin=C4-1
Added Pin To Net: NetName=GND Pin=C5-1
Added Pin To Net: NetName=GND Pin=C9-1
Added Pin To Net: NetName=GND Pin=C10-1
Added Pin To Net: NetName=GND Pin=C11-1
Added Pin To Net: NetName=GND Pin=C12-1
Added Pin To Net: NetName=GND Pin=C13-1
Added Pin To Net: NetName=GND Pin=C14-1
Added Pin To Net: NetName=GND Pin=C30-2
Added Pin To Net: NetName=GND Pin=C31-2
Added Pin To Net: NetName=GND Pin=C32-1
Added Pin To Net: NetName=GND Pin=D1-2
Added Pin To Net: NetName=GND Pin=D3-1
Added Pin To Net: NetName=GND Pin=D5-1
Added Pin To Net: NetName=GND Pin=P1-5
Added Pin To Net: NetName=GND Pin=P2-2
Added Pin To Net: NetName=GND Pin=P3-2
Added Pin To Net: NetName=GND Pin=P4-1
Added Pin To Net: NetName=GND Pin=P5-3
Added Pin To Net: NetName=GND Pin=P6-1
Added Pin To Net: NetName=GND Pin=P7-2
Added Pin To Net: NetName=GND Pin=P8-2
Added Pin To Net: NetName=GND Pin=P9-2
Added Pin To Net: NetName=GND Pin=P10-1
Added Pin To Net: NetName=GND Pin=P12-3
Added Pin To Net: NetName=GND Pin=Q4-1
Added Pin To Net: NetName=GND Pin=R1-1
Added Pin To Net: NetName=GND Pin=R2-1
Added Pin To Net: NetName=GND Pin=R3-1
Added Pin To Net: NetName=GND Pin=R4-1
Added Pin To Net: NetName=GND Pin=R6-1
Added Pin To Net: NetName=GND Pin=R7-1
Added Pin To Net: NetName=GND Pin=R10-1
Added Pin To Net: NetName=GND Pin=R11-1
Added Pin To Net: NetName=GND Pin=R14-1
Added Pin To Net: NetName=GND Pin=R17-1
Added Pin To Net: NetName=GND Pin=R27-2
Added Pin To Net: NetName=GND Pin=R28-1
Added Pin To Net: NetName=GND Pin=R32-1
Added Pin To Net: NetName=GND Pin=R33-1
Added Pin To Net: NetName=GND Pin=U1-3
Added Pin To Net: NetName=GND Pin=U1-5
Added Pin To Net: NetName=GND Pin=U1-19
Added Pin To Net: NetName=GND Pin=U1-21
Added Pin To Net: NetName=GND Pin=U1-22
Added Pin To Net: NetName=GND Pin=U2-9
Added Pin To Net: NetName=GND Pin=U2-11
Added Pin To Net: NetName=GND Pin=U2-18
Added Pin To Net: NetName=GND Pin=U2-20
Added Pin To Net: NetName=GND Pin=U3-4
Added Pin To Net: NetName=GND Pin=U4-3
Added Pin To Net: NetName=GND Pin=U4-4
Added Pin To Net: NetName=GND Pin=U4-7
Added Pin To Net: NetName=GND Pin=U5-6
Added Pin To Net: NetName=GND Pin=U5-7
Added Pin To Net: NetName=GND Pin=U5-9
Added Pin To Net: NetName=GND Pin=U5-15
Added Pin To Net: NetName=GND Pin=U6-7
Added Pin To Net: NetName=GND Pin=U6-9
Added Pin To Net: NetName=GND Pin=U6-13
Added Pin To Net: NetName=GND Pin=U7-2
Added Pin To Net: NetName=GND Pin=U9-1
Added Pin To Net: NetName=GND Pin=U9-2
Added Pin To Net: NetName=GND Pin=U9-3
Added Pin To Net: NetName=GND Pin=U11-5
Added Net: Name=GND
Added Pin To Net: NetName=NetC1_2 Pin=C1-2
Added Pin To Net: NetName=NetC1_2 Pin=U1-20
Added Net: Name=NetC1_2
Added Pin To Net: NetName=NetC2_1 Pin=C2-1
Added Pin To Net: NetName=NetC2_1 Pin=P1-1
Added Net: Name=NetC2_1
Added Pin To Net: NetName=NetC2_2 Pin=C2-2
Added Pin To Net: NetName=NetC2_2 Pin=R12-2
Added Pin To Net: NetName=NetC2_2 Pin=U1-29
Added Net: Name=NetC2_2
Added Pin To Net: NetName=NetC3_2 Pin=C3-2
Added Pin To Net: NetName=NetC3_2 Pin=U1-8
Added Pin To Net: NetName=NetC3_2 Pin=Y1-1
Added Net: Name=NetC3_2
Added Pin To Net: NetName=NetC4_2 Pin=C4-2
Added Pin To Net: NetName=NetC4_2 Pin=U1-7
Added Pin To Net: NetName=NetC4_2 Pin=Y1-2
Added Net: Name=NetC4_2
Added Pin To Net: NetName=NetC14_2 Pin=C14-2
Added Pin To Net: NetName=NetC14_2 Pin=U2-10
Added Net: Name=NetC14_2
Added Pin To Net: NetName=NetC15_1 Pin=C15-1
Added Pin To Net: NetName=NetC15_1 Pin=U5-17
Added Pin To Net: NetName=NetC15_1 Pin=U7-3
Added Net: Name=NetC15_1
Added Pin To Net: NetName=NetC16_1 Pin=C16-1
Added Pin To Net: NetName=NetC16_1 Pin=P11-3
Added Pin To Net: NetName=NetC16_1 Pin=U10-1
Added Pin To Net: NetName=NetC16_1 Pin=U10-2
Added Pin To Net: NetName=NetC16_1 Pin=U10-3
Added Net: Name=NetC16_1
Added Pin To Net: NetName=NetC16_2 Pin=C16-2
Added Pin To Net: NetName=NetC16_2 Pin=R25-2
Added Net: Name=NetC16_2
Added Pin To Net: NetName=NetC17_1 Pin=C17-1
Added Pin To Net: NetName=NetC17_1 Pin=U7-4
Added Net: Name=NetC17_1
Added Pin To Net: NetName=NetC17_2 Pin=C17-2
Added Pin To Net: NetName=NetC17_2 Pin=U7-6
Added Net: Name=NetC17_2
Added Pin To Net: NetName=NetC30_1 Pin=C30-1
Added Pin To Net: NetName=NetC30_1 Pin=P6-2
Added Pin To Net: NetName=NetC30_1 Pin=U7-1
Added Net: Name=NetC30_1
Added Pin To Net: NetName=NetD1_1 Pin=D1-1
Added Pin To Net: NetName=NetD1_1 Pin=Q6-1
Added Net: Name=NetD1_1
Added Pin To Net: NetName=NetD2_1 Pin=D2-1
Added Pin To Net: NetName=NetD2_1 Pin=D3-2
Added Pin To Net: NetName=NetD2_1 Pin=R20-1
Added Pin To Net: NetName=NetD2_1 Pin=U1-9
Added Net: Name=NetD2_1
Added Pin To Net: NetName=NetD4_1 Pin=D4-1
Added Pin To Net: NetName=NetD4_1 Pin=D5-2
Added Pin To Net: NetName=NetD4_1 Pin=R19-1
Added Pin To Net: NetName=NetD4_1 Pin=U1-26
Added Net: Name=NetD4_1
Added Pin To Net: NetName=NetD6_1 Pin=D6-1
Added Pin To Net: NetName=NetD6_1 Pin=R20-2
Added Net: Name=NetD6_1
Added Pin To Net: NetName=NetD6_2 Pin=D6-2
Added Pin To Net: NetName=NetD6_2 Pin=P5-2
Added Net: Name=NetD6_2
Added Pin To Net: NetName=NetD7_2 Pin=D7-2
Added Pin To Net: NetName=NetD7_2 Pin=R21-1
Added Net: Name=NetD7_2
Added Pin To Net: NetName=NetD8_2 Pin=D8-2
Added Pin To Net: NetName=NetD8_2 Pin=R26-1
Added Net: Name=NetD8_2
Added Pin To Net: NetName=NetD9_1 Pin=D9-1
Added Pin To Net: NetName=NetD9_1 Pin=P10-4
Added Pin To Net: NetName=NetD9_1 Pin=U11-1
Added Pin To Net: NetName=NetD9_1 Pin=U11-2
Added Net: Name=NetD9_1
Added Pin To Net: NetName=NetD9_2 Pin=D9-2
Added Pin To Net: NetName=NetD9_2 Pin=R24-1
Added Net: Name=NetD9_2
Added Pin To Net: NetName=NetLS1_1 Pin=LS1-1
Added Pin To Net: NetName=NetLS1_1 Pin=LS1-1A
Added Pin To Net: NetName=NetLS1_1 Pin=U1-25
Added Net: Name=NetLS1_1
Added Pin To Net: NetName=NetLS1_2 Pin=LS1-2
Added Pin To Net: NetName=NetLS1_2 Pin=LS1-2A
Added Pin To Net: NetName=NetLS1_2 Pin=R14-2
Added Net: Name=NetLS1_2
Added Pin To Net: NetName=NetP1_2 Pin=P1-2
Added Pin To Net: NetName=NetP1_2 Pin=P2-3
Added Pin To Net: NetName=NetP1_2 Pin=P3-3
Added Pin To Net: NetName=NetP1_2 Pin=U1-30
Added Net: Name=NetP1_2
Added Pin To Net: NetName=NetP1_3 Pin=P1-3
Added Pin To Net: NetName=NetP1_3 Pin=P2-4
Added Pin To Net: NetName=NetP1_3 Pin=P3-4
Added Pin To Net: NetName=NetP1_3 Pin=U1-31
Added Net: Name=NetP1_3
Added Pin To Net: NetName=NetP2_1 Pin=P2-1
Added Pin To Net: NetName=NetP2_1 Pin=Q1-1
Added Net: Name=NetP2_1
Added Pin To Net: NetName=NetP3_1 Pin=P3-1
Added Pin To Net: NetName=NetP3_1 Pin=Q2-1
Added Net: Name=NetP3_1
Added Pin To Net: NetName=NetP4_2 Pin=P4-2
Added Pin To Net: NetName=NetP4_2 Pin=U3-3
Added Net: Name=NetP4_2
Added Pin To Net: NetName=NetP5_1 Pin=P5-1
Added Pin To Net: NetName=NetP5_1 Pin=R19-2
Added Net: Name=NetP5_1
Added Pin To Net: NetName=NetP7_1 Pin=P7-1
Added Pin To Net: NetName=NetP7_1 Pin=P8-1
Added Pin To Net: NetName=NetP7_1 Pin=P9-1
Added Pin To Net: NetName=NetP7_1 Pin=Q5-1
Added Net: Name=NetP7_1
Added Pin To Net: NetName=NetP7_3 Pin=P7-3
Added Pin To Net: NetName=NetP7_3 Pin=P8-3
Added Pin To Net: NetName=NetP7_3 Pin=P9-3
Added Pin To Net: NetName=NetP7_3 Pin=U1-17
Added Pin To Net: NetName=NetP7_3 Pin=U4-6
Added Net: Name=NetP7_3
Added Pin To Net: NetName=NetP7_4 Pin=P7-4
Added Pin To Net: NetName=NetP7_4 Pin=P8-4
Added Pin To Net: NetName=NetP7_4 Pin=P9-4
Added Pin To Net: NetName=NetP7_4 Pin=U1-16
Added Pin To Net: NetName=NetP7_4 Pin=U4-5
Added Net: Name=NetP7_4
Added Pin To Net: NetName=NetP7_5 Pin=P7-5
Added Pin To Net: NetName=NetP7_5 Pin=U1-14
Added Net: Name=NetP7_5
Added Pin To Net: NetName=NetP7_6 Pin=P7-6
Added Pin To Net: NetName=NetP7_6 Pin=U1-13
Added Net: Name=NetP7_6
Added Pin To Net: NetName=NetP8_5 Pin=P8-5
Added Pin To Net: NetName=NetP8_5 Pin=U1-11
Added Net: Name=NetP8_5
Added Pin To Net: NetName=NetP8_6 Pin=P8-6
Added Pin To Net: NetName=NetP8_6 Pin=U1-10
Added Net: Name=NetP8_6
Added Pin To Net: NetName=NetP9_5 Pin=P9-5
Added Pin To Net: NetName=NetP9_5 Pin=U1-2
Added Net: Name=NetP9_5
Added Pin To Net: NetName=NetP9_6 Pin=P9-6
Added Pin To Net: NetName=NetP9_6 Pin=R13-1
Added Pin To Net: NetName=NetP9_6 Pin=U1-1
Added Pin To Net: NetName=NetP9_6 Pin=U3-7
Added Net: Name=NetP9_6
Added Pin To Net: NetName=NetP11_2 Pin=P11-2
Added Pin To Net: NetName=NetP11_2 Pin=U11-8
Added Net: Name=NetP11_2
Added Pin To Net: NetName=NetQ1_2 Pin=Q1-2
Added Pin To Net: NetName=NetQ1_2 Pin=R32-2
Added Pin To Net: NetName=NetQ1_2 Pin=U5-11
Added Net: Name=NetQ1_2
Added Pin To Net: NetName=NetQ2_2 Pin=Q2-2
Added Pin To Net: NetName=NetQ2_2 Pin=R7-2
Added Pin To Net: NetName=NetQ2_2 Pin=U5-12
Added Net: Name=NetQ2_2
Added Pin To Net: NetName=NetQ3_2 Pin=Q3-2
Added Pin To Net: NetName=NetQ3_2 Pin=Q4-3
Added Pin To Net: NetName=NetQ3_2 Pin=R8-1
Added Net: Name=NetQ3_2
Added Pin To Net: NetName=NetQ3_3 Pin=Q3-3
Added Pin To Net: NetName=NetQ3_3 Pin=R9-2
Added Net: Name=NetQ3_3
Added Pin To Net: NetName=NetQ4_2 Pin=Q4-2
Added Pin To Net: NetName=NetQ4_2 Pin=R11-2
Added Pin To Net: NetName=NetQ4_2 Pin=U5-20
Added Net: Name=NetQ4_2
Added Pin To Net: NetName=NetQ5_2 Pin=Q5-2
Added Pin To Net: NetName=NetQ5_2 Pin=R33-2
Added Pin To Net: NetName=NetQ5_2 Pin=U5-16
Added Net: Name=NetQ5_2
Added Pin To Net: NetName=NetQ6_2 Pin=Q6-2
Added Pin To Net: NetName=NetQ6_2 Pin=R17-2
Added Pin To Net: NetName=NetQ6_2 Pin=U5-14
Added Net: Name=NetQ6_2
Added Pin To Net: NetName=NetR1_2 Pin=R1-2
Added Pin To Net: NetName=NetR1_2 Pin=SW1 (enter)-3
Added Net: Name=NetR1_2
Added Pin To Net: NetName=NetR2_2 Pin=R2-2
Added Pin To Net: NetName=NetR2_2 Pin=SW2 (Escape)-3
Added Net: Name=NetR2_2
Added Pin To Net: NetName=NetR3_2 Pin=R3-2
Added Pin To Net: NetName=NetR3_2 Pin=SW3-3
Added Net: Name=NetR3_2
Added Pin To Net: NetName=NetR4_2 Pin=R4-2
Added Pin To Net: NetName=NetR4_2 Pin=SW4-3
Added Net: Name=NetR4_2
Added Pin To Net: NetName=NetR6_2 Pin=R6-2
Added Pin To Net: NetName=NetR6_2 Pin=SW5-3
Added Net: Name=NetR6_2
Added Pin To Net: NetName=NetR9_1 Pin=R9-1
Added Pin To Net: NetName=NetR9_1 Pin=R10-2
Added Pin To Net: NetName=NetR9_1 Pin=U1-24
Added Net: Name=NetR9_1
Added Pin To Net: NetName=NetR21_2 Pin=R21-2
Added Pin To Net: NetName=NetR21_2 Pin=U6-20
Added Pin To Net: NetName=NetR21_2 Pin=U11-4
Added Net: Name=NetR21_2
Added Pin To Net: NetName=NetR24_2 Pin=R24-2
Added Pin To Net: NetName=NetR24_2 Pin=U11-7
Added Net: Name=NetR24_2
Added Pin To Net: NetName=NetR26_2 Pin=R26-2
Added Pin To Net: NetName=NetR26_2 Pin=U6-19
Added Pin To Net: NetName=NetR26_2 Pin=U11-3
Added Net: Name=NetR26_2
Added Pin To Net: NetName=NetR27_1 Pin=R27-1
Added Net: Name=NetR27_1
Added Pin To Net: NetName=NetR28_2 Pin=R28-2
Added Pin To Net: NetName=NetR28_2 Pin=U11-6
Added Net: Name=NetR28_2
Added Pin To Net: NetName=NetR37_1 Pin=R37-1
Added Pin To Net: NetName=NetR37_1 Pin=U1-28
Added Pin To Net: NetName=NetR37_1 Pin=U3-6
Added Pin To Net: NetName=NetR37_1 Pin=U5-2
Added Pin To Net: NetName=NetR37_1 Pin=U6-2
Added Net: Name=NetR37_1
Added Pin To Net: NetName=NetR38_1 Pin=R38-1
Added Pin To Net: NetName=NetR38_1 Pin=U1-27
Added Pin To Net: NetName=NetR38_1 Pin=U3-5
Added Pin To Net: NetName=NetR38_1 Pin=U5-4
Added Pin To Net: NetName=NetR38_1 Pin=U6-4
Added Net: Name=NetR38_1
Added Pin To Net: NetName=NetSW1 (enter)_4 Pin=SW1 (enter)-4
Added Pin To Net: NetName=NetSW1 (enter)_4 Pin=U6-17
Added Net: Name=NetSW1 (enter)_4
Added Pin To Net: NetName=NetSW2 (Escape)_4 Pin=SW2 (Escape)-4
Added Pin To Net: NetName=NetSW2 (Escape)_4 Pin=U6-16
Added Net: Name=NetSW2 (Escape)_4
Added Pin To Net: NetName=NetSW3_4 Pin=SW3-4
Added Pin To Net: NetName=NetSW3_4 Pin=U6-14
Added Net: Name=NetSW3_4
Added Pin To Net: NetName=NetSW4_4 Pin=SW4-4
Added Pin To Net: NetName=NetSW4_4 Pin=U6-12
Added Net: Name=NetSW4_4
Added Pin To Net: NetName=NetSW5_4 Pin=SW5-4
Added Pin To Net: NetName=NetSW5_4 Pin=U6-11
Added Net: Name=NetSW5_4
Added Pin To Net: NetName=NetU1_12 Pin=U1-12
Added Pin To Net: NetName=NetU1_12 Pin=U4-1
Added Net: Name=NetU1_12
Added Pin To Net: NetName=NetU1_15 Pin=U1-15
Added Pin To Net: NetName=NetU1_15 Pin=U4-2
Added Net: Name=NetU1_15
Added Pin To Net: NetName=NetU1_32 Pin=U1-32
Added Pin To Net: NetName=NetU1_32 Pin=U6-1
Added Net: Name=NetU1_32
Added Pin To Net: NetName=NetU2_INT Pin=U6-10
Added Net: Name=NetU2_INT
Added Pin To Net: NetName=NetU3_1 Pin=U3-1
Added Pin To Net: NetName=NetU3_1 Pin=Y2-2
Added Net: Name=NetU3_1
Added Pin To Net: NetName=NetU3_2 Pin=U3-2
Added Pin To Net: NetName=NetU3_2 Pin=Y2-1
Added Net: Name=NetU3_2
Added Pin To Net: NetName=NetU8_2 Pin=U9-4
Added Net: Name=NetU8_2
Added Pin To Net: NetName=NetU8_3 Pin=U10-4
Added Net: Name=NetU8_3
Added Pin To Net: NetName=NetU9_5 Pin=U9-5
Added Pin To Net: NetName=NetU9_5 Pin=U9-6
Added Pin To Net: NetName=NetU9_5 Pin=U9-7
Added Pin To Net: NetName=NetU9_5 Pin=U9-8
Added Pin To Net: NetName=NetU9_5 Pin=U10-5
Added Pin To Net: NetName=NetU9_5 Pin=U10-6
Added Pin To Net: NetName=NetU9_5 Pin=U10-7
Added Pin To Net: NetName=NetU9_5 Pin=U10-8
Added Net: Name=NetU9_5
Added Pin To Net: NetName=V BAT Pin=3.3V reg-1
Added Pin To Net: NetName=V BAT Pin=C9-2
Added Pin To Net: NetName=V BAT Pin=C15-2
Added Pin To Net: NetName=V BAT Pin=D2-2
Added Pin To Net: NetName=V BAT Pin=D4-2
Added Pin To Net: NetName=V BAT Pin=P1-4
Added Pin To Net: NetName=V BAT Pin=P11-1
Added Pin To Net: NetName=V BAT Pin=P12-1
Added Pin To Net: NetName=V BAT Pin=Q3-1
Added Pin To Net: NetName=V BAT Pin=Q5-3
Added Pin To Net: NetName=V BAT Pin=Q6-3
Added Pin To Net: NetName=V BAT Pin=R8-2
Added Pin To Net: NetName=V BAT Pin=R25-1
Added Pin To Net: NetName=V BAT Pin=U7-5
Added Pin To Net: NetName=V BAT Pin=U11-9
Added Pin To Net: NetName=V BAT Pin=U11-10
Added Net: Name=V BAT
Added Pin To Net: NetName=VCC Pin=C0-2
Added Pin To Net: NetName=VCC Pin=R12-1
Added Pin To Net: NetName=VCC Pin=R37-2
Added Pin To Net: NetName=VCC Pin=R38-2
Added Pin To Net: NetName=VCC Pin=U1-4
Added Pin To Net: NetName=VCC Pin=U1-6
Added Pin To Net: NetName=VCC Pin=U1-18
Added Net: Name=VCC
Added Class: Name=battery sensor
Added Class: Name=Designator
Added Class: Name=Prefrels
Added Class: Name=RTC
Added Class: Name=Screens
Added Class: Name=Serial devices
Added Class: Name=SparkyTime Project
Added Class: Name=V stuff
Added Room: Name=battery sensor
Added Room: Name=Designator
Added Room: Name=Designator
Added Room: Name=Prefrels
Added Room: Name=RTC
Added Room: Name=Screens
Added Room: Name=Serial devices
Added Room: Name=SparkyTime Project
Added Room: Name=V stuff
