Removed Pin From Net: NetName=NetP12_1 Pin=P12-1
Removed Pin From Net: NetName=NetP12_2 Pin=P12-2
Removed Pin From Net: NetName=GND Pin=R14-1
Removed Pin From Net: NetName=NetP12_2 Pin=R14-2
Removed Pin From Net: NetName=NetR37_1 Pin=R37-1
Removed Pin From Net: NetName=NetR38_1 Pin=R38-1
Removed Pin From Net: NetName=NetP8_6 Pin=U1-10
Removed Pin From Net: NetName=NetP12_1 Pin=U1-25
Removed Member From Class: ClassName=Designator Member=R14
Change Component Footprint: Designator=C0 Old Footprint=C1206 New Footprint=0603
Change Component Footprint: Designator=C1 Old Footprint=C1206 New Footprint=0603
Change Component Footprint: Designator=C3 Old Footprint=C1206 New Footprint=0603
Change Component Footprint: Designator=C4 Old Footprint=C1206 New Footprint=0603
Change Component Footprint: Designator=C5 Old Footprint=C1206 New Footprint=0603
Change Component Footprint: Designator=C9 Old Footprint=C1206 New Footprint=0603
Change Component Footprint: Designator=C10 Old Footprint=C1206 New Footprint=0603
Change Component Footprint: Designator=C11 Old Footprint=C1206 New Footprint=0603
Change Component Footprint: Designator=C12 Old Footprint=C1206 New Footprint=0603
Change Component Footprint: Designator=C13 Old Footprint=C1206 New Footprint=0603
Change Component Footprint: Designator=C14 Old Footprint=C1206 New Footprint=0603
Change Component Footprint: Designator=C22 Old Footprint=C1206 New Footprint=0603
Change Component Footprint: Designator=C23 Old Footprint=C1206 New Footprint=0603
Change Component Footprint: Designator=C31 Old Footprint=C1206 New Footprint=0603
Change Component Footprint: Designator=C32 Old Footprint=C1206 New Footprint=0603
Change Component Footprint: Designator=R1 Old Footprint=J1-0603 New Footprint=0603
Change Component Footprint: Designator=R2 Old Footprint=J1-0603 New Footprint=0603
Change Component Footprint: Designator=R3 Old Footprint=J1-0603 New Footprint=0603
Change Component Footprint: Designator=R4 Old Footprint=J1-0603 New Footprint=0603
Change Component Footprint: Designator=R6 Old Footprint=J1-0603 New Footprint=0603
Change Component Footprint: Designator=R7 Old Footprint=J1-0603 New Footprint=0603
Change Component Footprint: Designator=R8 Old Footprint=J1-0603 New Footprint=0603
Change Component Footprint: Designator=R9 Old Footprint=J1-0603 New Footprint=0603
Change Component Footprint: Designator=R10 Old Footprint=J1-0603 New Footprint=0603
Change Component Footprint: Designator=R11 Old Footprint=J1-0603 New Footprint=0603
Change Component Footprint: Designator=R12 Old Footprint=J1-0603 New Footprint=0603
Change Component Footprint: Designator=R13 Old Footprint=J1-0603 New Footprint=0603
Change Component Footprint: Designator=R17 Old Footprint=J1-0603 New Footprint=0603
Change Component Footprint: Designator=R19 Old Footprint=J1-0603 New Footprint=0603
Change Component Footprint: Designator=R20 Old Footprint=J1-0603 New Footprint=0603
Change Component Footprint: Designator=R21 Old Footprint=J1-0603 New Footprint=0603
Change Component Footprint: Designator=R24 Old Footprint=J1-0603 New Footprint=0603
Change Component Footprint: Designator=R25 Old Footprint=J1-0603 New Footprint=0603
Change Component Footprint: Designator=R26 Old Footprint=J1-0603 New Footprint=0603
Change Component Footprint: Designator=R27 Old Footprint=J1-0603 New Footprint=0603
Change Component Footprint: Designator=R28 Old Footprint=J1-0603 New Footprint=0603
Change Component Footprint: Designator=R32 Old Footprint=J1-0603 New Footprint=0603
Change Component Footprint: Designator=R33 Old Footprint=J1-0603 New Footprint=0603
Change Component Footprint: Designator=R34 Old Footprint=J1-0603 New Footprint=0603
Added Component: Designator=P12(HDR1X2)
Added Component: Designator=Q6(ONSC-SOT-323-3-419-04_V)
Added Component: Designator=R100(0603)
Added Component: Designator=R101(0603)
Added Pin To Net: NetName=NetP12_1 Pin=P12-1
Added Pin To Net: NetName=NetP12_2 Pin=P12-2
Added Pin To Net: NetName=NetP12_1 Pin=Q6-1
Added Pin To Net: NetName=3.3V Pin=Q6-3
Added Pin To Net: NetName=GND Pin=R100-2
Added Pin To Net: NetName=GND Pin=R101-1
Added Pin To Net: NetName=NetP12_2 Pin=R101-2
Added Pin To Net: NetName=NetP8_6 Pin=U1-25
