Added Member To Class: ClassName=V stuff Member=Component 3.3V reg Volt Reg
Added Member To Class: ClassName=Designator Member=Component C0 Cap Semi
Added Member To Class: ClassName=Designator Member=Component C1 Cap Semi
Added Member To Class: ClassName=Designator Member=Component C2 Cap
Added Member To Class: ClassName=Designator Member=Component C3 Cap Semi
Added Member To Class: ClassName=Designator Member=Component C4 Cap Semi
Added Member To Class: ClassName=RTC Member=Component C5 Cap Semi
Added Member To Class: ClassName=V stuff Member=Component C9 Cap Semi
Added Member To Class: ClassName=V stuff Member=Component C10 Cap Semi
Added Member To Class: ClassName=RTC Member=Component C11 Cap Semi
Added Member To Class: ClassName=Designator Member=Component C12 Cap Semi
Added Member To Class: ClassName=Prefrels Member=Component C13 Cap Semi
Added Member To Class: ClassName=RTC Member=Component C14 Cap Semi
Added Member To Class: ClassName=Prefrels Member=Component C15 Cap
Added Member To Class: ClassName=V stuff Member=Component C16 Cap
Added Member To Class: ClassName=Prefrels Member=Component C17 Cap
Added Member To Class: ClassName=RTC Member=Component C22 Cap
Added Member To Class: ClassName=RTC Member=Component C23 Cap
Added Member To Class: ClassName=Prefrels Member=Component C30 C16
Added Member To Class: ClassName=RTC Member=Component C31 Cap Semi
Added Member To Class: ClassName=RTC Member=Component C32 Cap Semi
Added Member To Class: ClassName=Prefrels Member=Component D2 Diode
Added Member To Class: ClassName=Prefrels Member=Component D3 Diode
Added Member To Class: ClassName=Prefrels Member=Component D4 Diode
Added Member To Class: ClassName=Prefrels Member=Component D5 Diode
Added Member To Class: ClassName=Prefrels Member=Component D6 de ??
Added Member To Class: ClassName=V stuff Member=Component D7 FULL
Added Member To Class: ClassName=V stuff Member=Component D8 Chargeing
Added Member To Class: ClassName=V stuff Member=Component D9 power ok
Added Member To Class: ClassName=Designator Member=Component P1 FTDI headder
Added Member To Class: ClassName=Serial devices Member=Component P2 ESP8266
Added Member To Class: ClassName=Serial devices Member=Component P3 RN42-1/rm
Added Member To Class: ClassName=RTC Member=Component P4 Header 2
Added Member To Class: ClassName=Prefrels Member=Component P5 External Port
Added Member To Class: ClassName=Prefrels Member=Component P6 Header Lasar
Added Member To Class: ClassName=Screens Member=Component P7 Screen 1
Added Member To Class: ClassName=Screens Member=Component P8 Screen 2
Added Member To Class: ClassName=Screens Member=Component P9 Screen 3
Added Member To Class: ClassName=V stuff Member=Component P10 USB
Added Member To Class: ClassName=V stuff Member=Component P11 battery header
Added Member To Class: ClassName=Designator Member=Component P12 Buzzer
Added Member To Class: ClassName=V stuff Member=Component P12 V rails
Added Member To Class: ClassName=Prefrels Member=Component P23 LED conector
Added Member To Class: ClassName=Designator Member=Component P40 SW1 (enter)
Added Member To Class: ClassName=Designator Member=Component P41 SW2 (Escape)
Added Member To Class: ClassName=Designator Member=Component P42 SW3
Added Member To Class: ClassName=Designator Member=Component P43 SW4
Added Member To Class: ClassName=Designator Member=Component P44 SW5
Added Member To Class: ClassName=Designator Member=Component R1 Res1
Added Member To Class: ClassName=Designator Member=Component R2 Res1
Added Member To Class: ClassName=Designator Member=Component R3 Res1
Added Member To Class: ClassName=Designator Member=Component R4 Res1
Added Member To Class: ClassName=Designator Member=Component R6 Res1
Added Member To Class: ClassName=Serial devices Member=Component R7 Res3
Added Member To Class: ClassName=battery sensor Member=Component R8 Res3
Added Member To Class: ClassName=battery sensor Member=Component R9 Res3
Added Member To Class: ClassName=battery sensor Member=Component R10 Res3
Added Member To Class: ClassName=battery sensor Member=Component R11 Res11
Added Member To Class: ClassName=Designator Member=Component R12 Res1
Added Member To Class: ClassName=Designator Member=Component R13 Res1
Added Member To Class: ClassName=Designator Member=Component R14 Res1
Added Member To Class: ClassName=Prefrels Member=Component R17 Res1
Added Member To Class: ClassName=Prefrels Member=Component R19 Res1
Added Member To Class: ClassName=Prefrels Member=Component R20 Res1
Added Member To Class: ClassName=V stuff Member=Component R21 Res1
Added Member To Class: ClassName=V stuff Member=Component R24 Res1
Added Member To Class: ClassName=V stuff Member=Component R25 Res1
Added Member To Class: ClassName=V stuff Member=Component R26 Res1
Added Member To Class: ClassName=V stuff Member=Component R27 Res1
Added Member To Class: ClassName=V stuff Member=Component R28 Res1
Added Member To Class: ClassName=Serial devices Member=Component R32 Res3
Added Member To Class: ClassName=Screens Member=Component R33 Res3
Added Member To Class: ClassName=Designator Member=Component R34 Res1
Added Member To Class: ClassName=SparkyTime Project Member=Component R37 Res1
Added Member To Class: ClassName=SparkyTime Project Member=Component R38 Res1
Added Member To Class: ClassName=RTC Member=Component U2 Component_1
Added Member To Class: ClassName=RTC Member=Component U4 Component_1
Added Member To Class: ClassName=Prefrels Member=Component U5 Component_1
Added Member To Class: ClassName=Designator Member=Component U6 Component_1
Added Member To Class: ClassName=Prefrels Member=Component U7 LTC3200
Added Member To Class: ClassName=V stuff Member=Component U8 bq29700
Added Member To Class: ClassName=V stuff Member=Component U9 CSD16406Q3
Added Member To Class: ClassName=V stuff Member=Component U10 CSD16406Q3
Added Member To Class: ClassName=V stuff Member=Component U11 MCP73833/4
Added Member To Class: ClassName=Designator Member=Component Y1 16MHz
Added Member To Class: ClassName=RTC Member=Component Y2 32.768Mhz
